-- Install configuration: ""
-- Up-to-date: /home/shiv/drone_ws/install/x500_frame_fpv_drone/share/x500_frame_fpv_drone/launch
-- Up-to-date: /home/shiv/drone_ws/install/x500_frame_fpv_drone/share/x500_frame_fpv_drone/launch/display.launch.py
-- Up-to-date: /home/shiv/drone_ws/install/x500_frame_fpv_drone/share/x500_frame_fpv_drone/launch/px4_gz.launch.py
-- Up-to-date: /home/shiv/drone_ws/install/x500_frame_fpv_drone/share/x500_frame_fpv_drone/launch/gazebo.launch.py
-- Up-to-date: /home/shiv/drone_ws/install/x500_frame_fpv_drone/share/x500_frame_fpv_drone/meshes
-- Up-to-date: /home/shiv/drone_ws/install/x500_frame_fpv_drone/share/x500_frame_fpv_drone/meshes/prop_link_1.STL
-- Up-to-date: /home/shiv/drone_ws/install/x500_frame_fpv_drone/share/x500_frame_fpv_drone/meshes/prop_link_3.STL
-- Up-to-date: /home/shiv/drone_ws/install/x500_frame_fpv_drone/share/x500_frame_fpv_drone/meshes/base_link.STL
-- Up-to-date: /home/shiv/drone_ws/install/x500_frame_fpv_drone/share/x500_frame_fpv_drone/meshes/prop_link_4.STL
-- Up-to-date: /home/shiv/drone_ws/install/x500_frame_fpv_drone/share/x500_frame_fpv_drone/meshes/prop_link_2.STL
-- Up-to-date: /home/shiv/drone_ws/install/x500_frame_fpv_drone/share/x500_frame_fpv_drone/urdf
-- Up-to-date: /home/shiv/drone_ws/install/x500_frame_fpv_drone/share/x500_frame_fpv_drone/urdf/x500_frame_fpv_drone.urdf.xacro
-- Up-to-date: /home/shiv/drone_ws/install/x500_frame_fpv_drone/share/x500_frame_fpv_drone/models
-- Up-to-date: /home/shiv/drone_ws/install/x500_frame_fpv_drone/share/x500_frame_fpv_drone/models/x500_frame_fpv_drone.sdf
-- Up-to-date: /home/shiv/drone_ws/install/x500_frame_fpv_drone/share/x500_frame_fpv_drone/models/model.config
-- Up-to-date: /home/shiv/drone_ws/install/x500_frame_fpv_drone/share/ament_index/resource_index/package_run_dependencies/x500_frame_fpv_drone
-- Up-to-date: /home/shiv/drone_ws/install/x500_frame_fpv_drone/share/ament_index/resource_index/parent_prefix_path/x500_frame_fpv_drone
-- Up-to-date: /home/shiv/drone_ws/install/x500_frame_fpv_drone/share/x500_frame_fpv_drone/environment/ament_prefix_path.sh
-- Up-to-date: /home/shiv/drone_ws/install/x500_frame_fpv_drone/share/x500_frame_fpv_drone/environment/ament_prefix_path.dsv
-- Up-to-date: /home/shiv/drone_ws/install/x500_frame_fpv_drone/share/x500_frame_fpv_drone/environment/path.sh
-- Up-to-date: /home/shiv/drone_ws/install/x500_frame_fpv_drone/share/x500_frame_fpv_drone/environment/path.dsv
-- Up-to-date: /home/shiv/drone_ws/install/x500_frame_fpv_drone/share/x500_frame_fpv_drone/local_setup.bash
-- Up-to-date: /home/shiv/drone_ws/install/x500_frame_fpv_drone/share/x500_frame_fpv_drone/local_setup.sh
-- Up-to-date: /home/shiv/drone_ws/install/x500_frame_fpv_drone/share/x500_frame_fpv_drone/local_setup.zsh
-- Up-to-date: /home/shiv/drone_ws/install/x500_frame_fpv_drone/share/x500_frame_fpv_drone/local_setup.dsv
-- Installing: /home/shiv/drone_ws/install/x500_frame_fpv_drone/share/x500_frame_fpv_drone/package.dsv
-- Up-to-date: /home/shiv/drone_ws/install/x500_frame_fpv_drone/share/ament_index/resource_index/packages/x500_frame_fpv_drone
-- Up-to-date: /home/shiv/drone_ws/install/x500_frame_fpv_drone/share/x500_frame_fpv_drone/cmake/x500_frame_fpv_droneConfig.cmake
-- Up-to-date: /home/shiv/drone_ws/install/x500_frame_fpv_drone/share/x500_frame_fpv_drone/cmake/x500_frame_fpv_droneConfig-version.cmake
-- Up-to-date: /home/shiv/drone_ws/install/x500_frame_fpv_drone/share/x500_frame_fpv_drone/package.xml
