[0.012s] Invoking command in '/home/shiv/drone_ws/build/x500_frame_fpv_drone': CMAKE_PREFIX_PATH=${CMAKE_PREFIX_PATH}:/home/shiv/ws_moveit2/install/moveit_configs_utils:/home/shiv/ws_moveit2/install/launch_param_builder:/opt/ros/humble /usr/bin/cmake /home/shiv/drone_ws/src/x500_frame_fpv_drone -DCMAKE_INSTALL_PREFIX=/home/shiv/drone_ws/install/x500_frame_fpv_drone
[0.091s] -- The C compiler identification is GNU 11.4.0
[0.157s] -- The CXX compiler identification is GNU 11.4.0
[0.164s] -- Detecting C compiler ABI info
[0.267s] -- Detecting C compiler ABI info - done
[0.279s] -- Check for working C compiler: /usr/bin/cc - skipped
[0.279s] -- Detecting C compile features
[0.280s] -- Detecting C compile features - done
[0.285s] -- Detecting CXX compiler ABI info
[0.404s] -- Detecting CXX compiler ABI info - done
[0.411s] -- Check for working CXX compiler: /usr/bin/c++ - skipped
[0.411s] -- Detecting CXX compile features
[0.411s] -- Detecting CXX compile features - done
[0.419s] -- Found ament_cmake: 1.3.12 (/opt/ros/humble/share/ament_cmake/cmake)
[0.591s] -- Found Python3: /usr/bin/python3 (found version "3.10.12") found components: Interpreter 
[0.713s] -- Found urdf: 2.6.1 (/opt/ros/humble/share/urdf/cmake)
[0.786s] -- Found rclpy: 3.3.17 (/opt/ros/humble/share/rclpy/cmake)
[0.790s] -- Found ros_gz_sim: 0.244.20 (/opt/ros/humble/share/ros_gz_sim/cmake)
[0.837s] -- Found rosidl_generator_c: 3.1.7 (/opt/ros/humble/share/rosidl_generator_c/cmake)
[0.846s] -- Found rosidl_adapter: 3.1.7 (/opt/ros/humble/share/rosidl_adapter/cmake)
[0.857s] -- Found rosidl_generator_cpp: 3.1.7 (/opt/ros/humble/share/rosidl_generator_cpp/cmake)
[0.871s] -- Using all available rosidl_typesupport_c: rosidl_typesupport_fastrtps_c;rosidl_typesupport_introspection_c
[0.887s] -- Using all available rosidl_typesupport_cpp: rosidl_typesupport_fastrtps_cpp;rosidl_typesupport_introspection_cpp
[0.946s] -- Found rmw_implementation_cmake: 6.1.2 (/opt/ros/humble/share/rmw_implementation_cmake/cmake)
[0.952s] -- Found rmw_fastrtps_cpp: 6.2.8 (/opt/ros/humble/share/rmw_fastrtps_cpp/cmake)
[0.982s] -- Found TinyXML2 via Config file: TinyXML2_DIR-NOTFOUND
[1.079s] -- Found OpenSSL: /usr/lib/x86_64-linux-gnu/libcrypto.so (found version "3.0.2")  
[1.082s] -- Found TinyXML2 via Config file: TinyXML2_DIR-NOTFOUND
[1.103s] -- Found FastRTPS: /opt/ros/humble/include  
[1.106s] -- Found TinyXML2 via Config file: TinyXML2_DIR-NOTFOUND
[1.113s] -- Found TinyXML2 via Config file: TinyXML2_DIR-NOTFOUND
[1.127s] -- Using RMW implementation 'rmw_fastrtps_cpp' as default
[1.142s] -- Looking for pthread.h
[1.239s] -- Looking for pthread.h - found
[1.239s] -- Performing Test CMAKE_HAVE_LIBC_PTHREAD
[1.364s] -- Performing Test CMAKE_HAVE_LIBC_PTHREAD - Success
[1.365s] -- Found Threads: TRUE  
[1.421s] -- Found ros_gz_bridge: 0.244.20 (/opt/ros/humble/share/ros_gz_bridge/cmake)
[1.477s] -- Found Protobuf: /usr/lib/x86_64-linux-gnu/libprotobuf.so (found suitable version "3.12.4", minimum required is "3") 
[1.602s] -- Found Protobuf: /usr/lib/x86_64-linux-gnu/libprotobuf.so (found version "3.12.4") 
[2.012s] -- Found ament_lint_auto: 0.12.14 (/opt/ros/humble/share/ament_lint_auto/cmake)
[2.087s] -- Added test 'flake8' to check Python code syntax and style conventions
[2.088s] -- Added test 'lint_cmake' to check CMake code style
[2.089s] -- Added test 'pep257' to check Python code against some of the docstring style conventions in PEP 257
[2.091s] -- Added test 'xmllint' to check XML markup files
[2.092s] -- Configuring done
[2.095s] -- Generating done
[2.097s] -- Build files have been written to: /home/shiv/drone_ws/build/x500_frame_fpv_drone
[2.105s] Invoked command in '/home/shiv/drone_ws/build/x500_frame_fpv_drone' returned '0': CMAKE_PREFIX_PATH=${CMAKE_PREFIX_PATH}:/home/shiv/ws_moveit2/install/moveit_configs_utils:/home/shiv/ws_moveit2/install/launch_param_builder:/opt/ros/humble /usr/bin/cmake /home/shiv/drone_ws/src/x500_frame_fpv_drone -DCMAKE_INSTALL_PREFIX=/home/shiv/drone_ws/install/x500_frame_fpv_drone
[2.106s] Invoking command in '/home/shiv/drone_ws/build/x500_frame_fpv_drone': CMAKE_PREFIX_PATH=${CMAKE_PREFIX_PATH}:/home/shiv/ws_moveit2/install/moveit_configs_utils:/home/shiv/ws_moveit2/install/launch_param_builder:/opt/ros/humble /usr/bin/cmake --build /home/shiv/drone_ws/build/x500_frame_fpv_drone -- -j12 -l12
[2.172s] Invoked command in '/home/shiv/drone_ws/build/x500_frame_fpv_drone' returned '0': CMAKE_PREFIX_PATH=${CMAKE_PREFIX_PATH}:/home/shiv/ws_moveit2/install/moveit_configs_utils:/home/shiv/ws_moveit2/install/launch_param_builder:/opt/ros/humble /usr/bin/cmake --build /home/shiv/drone_ws/build/x500_frame_fpv_drone -- -j12 -l12
[2.190s] Invoking command in '/home/shiv/drone_ws/build/x500_frame_fpv_drone': CMAKE_PREFIX_PATH=${CMAKE_PREFIX_PATH}:/home/shiv/ws_moveit2/install/moveit_configs_utils:/home/shiv/ws_moveit2/install/launch_param_builder:/opt/ros/humble /usr/bin/cmake --install /home/shiv/drone_ws/build/x500_frame_fpv_drone
[2.203s] -- Install configuration: ""
[2.204s] -- Installing: /home/shiv/drone_ws/install/x500_frame_fpv_drone/share/x500_frame_fpv_drone/launch
[2.204s] -- Installing: /home/shiv/drone_ws/install/x500_frame_fpv_drone/share/x500_frame_fpv_drone/launch/display.launch.py
[2.204s] -- Installing: /home/shiv/drone_ws/install/x500_frame_fpv_drone/share/x500_frame_fpv_drone/launch/px4_gz.launch.py
[2.204s] -- Installing: /home/shiv/drone_ws/install/x500_frame_fpv_drone/share/x500_frame_fpv_drone/launch/gazebo.launch.py
[2.204s] -- Installing: /home/shiv/drone_ws/install/x500_frame_fpv_drone/share/x500_frame_fpv_drone/meshes
[2.204s] -- Installing: /home/shiv/drone_ws/install/x500_frame_fpv_drone/share/x500_frame_fpv_drone/meshes/prop_link_1.STL
[2.205s] -- Installing: /home/shiv/drone_ws/install/x500_frame_fpv_drone/share/x500_frame_fpv_drone/meshes/prop_link_3.STL
[2.205s] -- Installing: /home/shiv/drone_ws/install/x500_frame_fpv_drone/share/x500_frame_fpv_drone/meshes/base_link.STL
[2.210s] -- Installing: /home/shiv/drone_ws/install/x500_frame_fpv_drone/share/x500_frame_fpv_drone/meshes/prop_link_4.STL
[2.210s] -- Installing: /home/shiv/drone_ws/install/x500_frame_fpv_drone/share/x500_frame_fpv_drone/meshes/prop_link_2.STL
[2.210s] -- Installing: /home/shiv/drone_ws/install/x500_frame_fpv_drone/share/x500_frame_fpv_drone/urdf
[2.210s] -- Installing: /home/shiv/drone_ws/install/x500_frame_fpv_drone/share/x500_frame_fpv_drone/urdf/x500_frame_fpv_drone.urdf.xacro
[2.211s] -- Installing: /home/shiv/drone_ws/install/x500_frame_fpv_drone/share/x500_frame_fpv_drone/models
[2.211s] -- Installing: /home/shiv/drone_ws/install/x500_frame_fpv_drone/share/x500_frame_fpv_drone/models/x500_frame_fpv_drone.sdf
[2.211s] -- Installing: /home/shiv/drone_ws/install/x500_frame_fpv_drone/share/x500_frame_fpv_drone/models/model.config
[2.211s] -- Installing: /home/shiv/drone_ws/install/x500_frame_fpv_drone/share/ament_index/resource_index/package_run_dependencies/x500_frame_fpv_drone
[2.211s] -- Installing: /home/shiv/drone_ws/install/x500_frame_fpv_drone/share/ament_index/resource_index/parent_prefix_path/x500_frame_fpv_drone
[2.211s] -- Installing: /home/shiv/drone_ws/install/x500_frame_fpv_drone/share/x500_frame_fpv_drone/environment/ament_prefix_path.sh
[2.211s] -- Installing: /home/shiv/drone_ws/install/x500_frame_fpv_drone/share/x500_frame_fpv_drone/environment/ament_prefix_path.dsv
[2.211s] -- Installing: /home/shiv/drone_ws/install/x500_frame_fpv_drone/share/x500_frame_fpv_drone/environment/path.sh
[2.211s] -- Installing: /home/shiv/drone_ws/install/x500_frame_fpv_drone/share/x500_frame_fpv_drone/environment/path.dsv
[2.211s] -- Installing: /home/shiv/drone_ws/install/x500_frame_fpv_drone/share/x500_frame_fpv_drone/local_setup.bash
[2.211s] -- Installing: /home/shiv/drone_ws/install/x500_frame_fpv_drone/share/x500_frame_fpv_drone/local_setup.sh
[2.211s] -- Installing: /home/shiv/drone_ws/install/x500_frame_fpv_drone/share/x500_frame_fpv_drone/local_setup.zsh
[2.211s] -- Installing: /home/shiv/drone_ws/install/x500_frame_fpv_drone/share/x500_frame_fpv_drone/local_setup.dsv
[2.211s] -- Installing: /home/shiv/drone_ws/install/x500_frame_fpv_drone/share/x500_frame_fpv_drone/package.dsv
[2.211s] -- Installing: /home/shiv/drone_ws/install/x500_frame_fpv_drone/share/ament_index/resource_index/packages/x500_frame_fpv_drone
[2.211s] -- Installing: /home/shiv/drone_ws/install/x500_frame_fpv_drone/share/x500_frame_fpv_drone/cmake/x500_frame_fpv_droneConfig.cmake
[2.211s] -- Installing: /home/shiv/drone_ws/install/x500_frame_fpv_drone/share/x500_frame_fpv_drone/cmake/x500_frame_fpv_droneConfig-version.cmake
[2.211s] -- Installing: /home/shiv/drone_ws/install/x500_frame_fpv_drone/share/x500_frame_fpv_drone/package.xml
[2.213s] Invoked command in '/home/shiv/drone_ws/build/x500_frame_fpv_drone' returned '0': CMAKE_PREFIX_PATH=${CMAKE_PREFIX_PATH}:/home/shiv/ws_moveit2/install/moveit_configs_utils:/home/shiv/ws_moveit2/install/launch_param_builder:/opt/ros/humble /usr/bin/cmake --install /home/shiv/drone_ws/build/x500_frame_fpv_drone
