[0.080s] DEBUG:colcon:Command line arguments: ['/usr/bin/colcon', 'build']
[0.080s] DEBUG:colcon:Parsed command line arguments: Namespace(log_base=None, log_level=None, verb_name='build', build_base='build', install_base='install', merge_install=False, symlink_install=False, test_result_base=None, continue_on_error=False, executor='parallel', parallel_workers=12, event_handlers=None, ignore_user_meta=False, metas=['./colcon.meta'], base_paths=['.'], packages_ignore=None, packages_ignore_regex=None, paths=None, packages_up_to=None, packages_up_to_regex=None, packages_above=None, packages_above_and_dependencies=None, packages_above_depth=None, packages_select_by_dep=None, packages_skip_by_dep=None, packages_skip_up_to=None, packages_select_build_failed=False, packages_skip_build_finished=False, packages_select_test_failures=False, packages_skip_test_passed=False, packages_select=None, packages_skip=None, packages_select_regex=None, packages_skip_regex=None, packages_start=None, packages_end=None, allow_overriding=[], cmake_args=None, cmake_target=None, cmake_target_skip_unavailable=False, cmake_clean_cache=False, cmake_clean_first=False, cmake_force_configure=False, ament_cmake_args=None, catkin_cmake_args=None, catkin_skip_building_tests=False, mixin_files=None, mixin=None, verb_parser=<colcon_mixin.mixin.mixin_argument.MixinArgumentDecorator object at 0x7a15343913f0>, verb_extension=<colcon_core.verb.build.BuildVerb object at 0x7a1534390a30>, main=<bound method BuildVerb.main of <colcon_core.verb.build.BuildVerb object at 0x7a1534390a30>>, mixin_verb=('build',))
[0.195s] Level 1:colcon.colcon_core.package_discovery:discover_packages(colcon_meta) check parameters
[0.195s] Level 1:colcon.colcon_core.package_discovery:discover_packages(recursive) check parameters
[0.195s] Level 1:colcon.colcon_core.package_discovery:discover_packages(ignore) check parameters
[0.195s] Level 1:colcon.colcon_core.package_discovery:discover_packages(path) check parameters
[0.196s] Level 1:colcon.colcon_core.package_discovery:discover_packages(colcon_meta) discover
[0.196s] Level 1:colcon.colcon_core.package_discovery:discover_packages(recursive) discover
[0.196s] INFO:colcon.colcon_core.package_discovery:Crawling recursively for packages in '/home/shiv/drone_ws'
[0.196s] Level 1:colcon.colcon_core.package_identification:_identify(.) by extensions ['ignore', 'ignore_ament_install']
[0.196s] Level 1:colcon.colcon_core.package_identification:_identify(.) by extension 'ignore'
[0.196s] Level 1:colcon.colcon_core.package_identification:_identify(.) by extension 'ignore_ament_install'
[0.196s] Level 1:colcon.colcon_core.package_identification:_identify(.) by extensions ['colcon_pkg']
[0.196s] Level 1:colcon.colcon_core.package_identification:_identify(.) by extension 'colcon_pkg'
[0.196s] Level 1:colcon.colcon_core.package_identification:_identify(.) by extensions ['colcon_meta']
[0.196s] Level 1:colcon.colcon_core.package_identification:_identify(.) by extension 'colcon_meta'
[0.196s] Level 1:colcon.colcon_core.package_identification:_identify(.) by extensions ['ros']
[0.196s] Level 1:colcon.colcon_core.package_identification:_identify(.) by extension 'ros'
[0.211s] Level 1:colcon.colcon_core.package_identification:_identify(.) by extensions ['cmake', 'python']
[0.211s] Level 1:colcon.colcon_core.package_identification:_identify(.) by extension 'cmake'
[0.211s] Level 1:colcon.colcon_core.package_identification:_identify(.) by extension 'python'
[0.211s] Level 1:colcon.colcon_core.package_identification:_identify(.) by extensions ['python_setup_py']
[0.212s] Level 1:colcon.colcon_core.package_identification:_identify(.) by extension 'python_setup_py'
[0.212s] Level 1:colcon.colcon_core.package_identification:_identify(build) by extensions ['ignore', 'ignore_ament_install']
[0.212s] Level 1:colcon.colcon_core.package_identification:_identify(build) by extension 'ignore'
[0.212s] Level 1:colcon.colcon_core.package_identification:_identify(build) ignored
[0.212s] Level 1:colcon.colcon_core.package_identification:_identify(install) by extensions ['ignore', 'ignore_ament_install']
[0.212s] Level 1:colcon.colcon_core.package_identification:_identify(install) by extension 'ignore'
[0.212s] Level 1:colcon.colcon_core.package_identification:_identify(install) ignored
[0.212s] Level 1:colcon.colcon_core.package_identification:_identify(log) by extensions ['ignore', 'ignore_ament_install']
[0.212s] Level 1:colcon.colcon_core.package_identification:_identify(log) by extension 'ignore'
[0.212s] Level 1:colcon.colcon_core.package_identification:_identify(log) ignored
[0.212s] Level 1:colcon.colcon_core.package_identification:_identify(src) by extensions ['ignore', 'ignore_ament_install']
[0.212s] Level 1:colcon.colcon_core.package_identification:_identify(src) by extension 'ignore'
[0.212s] Level 1:colcon.colcon_core.package_identification:_identify(src) by extension 'ignore_ament_install'
[0.212s] Level 1:colcon.colcon_core.package_identification:_identify(src) by extensions ['colcon_pkg']
[0.212s] Level 1:colcon.colcon_core.package_identification:_identify(src) by extension 'colcon_pkg'
[0.212s] Level 1:colcon.colcon_core.package_identification:_identify(src) by extensions ['colcon_meta']
[0.212s] Level 1:colcon.colcon_core.package_identification:_identify(src) by extension 'colcon_meta'
[0.212s] Level 1:colcon.colcon_core.package_identification:_identify(src) by extensions ['ros']
[0.212s] Level 1:colcon.colcon_core.package_identification:_identify(src) by extension 'ros'
[0.212s] Level 1:colcon.colcon_core.package_identification:_identify(src) by extensions ['cmake', 'python']
[0.212s] Level 1:colcon.colcon_core.package_identification:_identify(src) by extension 'cmake'
[0.212s] Level 1:colcon.colcon_core.package_identification:_identify(src) by extension 'python'
[0.212s] Level 1:colcon.colcon_core.package_identification:_identify(src) by extensions ['python_setup_py']
[0.212s] Level 1:colcon.colcon_core.package_identification:_identify(src) by extension 'python_setup_py'
[0.212s] Level 1:colcon.colcon_core.package_identification:_identify(src/x500_frame_fpv_drone) by extensions ['ignore', 'ignore_ament_install']
[0.212s] Level 1:colcon.colcon_core.package_identification:_identify(src/x500_frame_fpv_drone) by extension 'ignore'
[0.212s] Level 1:colcon.colcon_core.package_identification:_identify(src/x500_frame_fpv_drone) by extension 'ignore_ament_install'
[0.212s] Level 1:colcon.colcon_core.package_identification:_identify(src/x500_frame_fpv_drone) by extensions ['colcon_pkg']
[0.212s] Level 1:colcon.colcon_core.package_identification:_identify(src/x500_frame_fpv_drone) by extension 'colcon_pkg'
[0.213s] Level 1:colcon.colcon_core.package_identification:_identify(src/x500_frame_fpv_drone) by extensions ['colcon_meta']
[0.213s] Level 1:colcon.colcon_core.package_identification:_identify(src/x500_frame_fpv_drone) by extension 'colcon_meta'
[0.213s] Level 1:colcon.colcon_core.package_identification:_identify(src/x500_frame_fpv_drone) by extensions ['ros']
[0.213s] Level 1:colcon.colcon_core.package_identification:_identify(src/x500_frame_fpv_drone) by extension 'ros'
[0.214s] DEBUG:colcon.colcon_core.package_identification:Package 'src/x500_frame_fpv_drone' with type 'ros.ament_cmake' and name 'x500_frame_fpv_drone'
[0.214s] Level 1:colcon.colcon_core.package_discovery:discover_packages(recursive) using defaults
[0.214s] Level 1:colcon.colcon_core.package_discovery:discover_packages(ignore) discover
[0.214s] Level 1:colcon.colcon_core.package_discovery:discover_packages(ignore) using defaults
[0.214s] Level 1:colcon.colcon_core.package_discovery:discover_packages(path) discover
[0.214s] Level 1:colcon.colcon_core.package_discovery:discover_packages(path) using defaults
[0.228s] Level 1:colcon.colcon_core.package_discovery:discover_packages(prefix_path) check parameters
[0.228s] Level 1:colcon.colcon_core.package_discovery:discover_packages(prefix_path) discover
[0.231s] DEBUG:colcon.colcon_installed_package_information.package_discovery:Found 55 installed packages in /home/shiv/ws_moveit2/install
[0.232s] DEBUG:colcon.colcon_installed_package_information.package_discovery:Found 7 installed packages in /home/shiv/colcon_ws/install
[0.233s] DEBUG:colcon.colcon_installed_package_information.package_discovery:Found 480 installed packages in /opt/ros/humble
[0.235s] Level 1:colcon.colcon_core.package_discovery:discover_packages(prefix_path) using defaults
[0.270s] Level 5:colcon.colcon_core.verb:set package 'x500_frame_fpv_drone' build argument 'cmake_args' from command line to 'None'
[0.270s] Level 5:colcon.colcon_core.verb:set package 'x500_frame_fpv_drone' build argument 'cmake_target' from command line to 'None'
[0.270s] Level 5:colcon.colcon_core.verb:set package 'x500_frame_fpv_drone' build argument 'cmake_target_skip_unavailable' from command line to 'False'
[0.270s] Level 5:colcon.colcon_core.verb:set package 'x500_frame_fpv_drone' build argument 'cmake_clean_cache' from command line to 'False'
[0.270s] Level 5:colcon.colcon_core.verb:set package 'x500_frame_fpv_drone' build argument 'cmake_clean_first' from command line to 'False'
[0.270s] Level 5:colcon.colcon_core.verb:set package 'x500_frame_fpv_drone' build argument 'cmake_force_configure' from command line to 'False'
[0.270s] Level 5:colcon.colcon_core.verb:set package 'x500_frame_fpv_drone' build argument 'ament_cmake_args' from command line to 'None'
[0.270s] Level 5:colcon.colcon_core.verb:set package 'x500_frame_fpv_drone' build argument 'catkin_cmake_args' from command line to 'None'
[0.270s] Level 5:colcon.colcon_core.verb:set package 'x500_frame_fpv_drone' build argument 'catkin_skip_building_tests' from command line to 'False'
[0.270s] DEBUG:colcon.colcon_core.verb:Building package 'x500_frame_fpv_drone' with the following arguments: {'ament_cmake_args': None, 'build_base': '/home/shiv/drone_ws/build/x500_frame_fpv_drone', 'catkin_cmake_args': None, 'catkin_skip_building_tests': False, 'cmake_args': None, 'cmake_clean_cache': False, 'cmake_clean_first': False, 'cmake_force_configure': False, 'cmake_target': None, 'cmake_target_skip_unavailable': False, 'install_base': '/home/shiv/drone_ws/install/x500_frame_fpv_drone', 'merge_install': False, 'path': '/home/shiv/drone_ws/src/x500_frame_fpv_drone', 'symlink_install': False, 'test_result_base': None}
[0.271s] INFO:colcon.colcon_core.executor:Executing jobs using 'parallel' executor
[0.272s] DEBUG:colcon.colcon_parallel_executor.executor.parallel:run_until_complete
[0.272s] INFO:colcon.colcon_ros.task.ament_cmake.build:Building ROS package in '/home/shiv/drone_ws/src/x500_frame_fpv_drone' with build type 'ament_cmake'
[0.272s] INFO:colcon.colcon_cmake.task.cmake.build:Building CMake package in '/home/shiv/drone_ws/src/x500_frame_fpv_drone'
[0.273s] INFO:colcon.colcon_core.plugin_system:Skipping extension 'colcon_core.shell.bat': Not used on non-Windows systems
[0.273s] INFO:colcon.colcon_core.shell:Skip shell extension 'powershell' for command environment: Not usable outside of PowerShell
[0.273s] DEBUG:colcon.colcon_core.shell:Skip shell extension 'dsv' for command environment
[0.285s] DEBUG:colcon.colcon_core.event_handler.log_command:Invoking command in '/home/shiv/drone_ws/build/x500_frame_fpv_drone': CMAKE_PREFIX_PATH=${CMAKE_PREFIX_PATH}:/home/shiv/ws_moveit2/install/moveit_configs_utils:/home/shiv/ws_moveit2/install/launch_param_builder:/opt/ros/humble /usr/bin/cmake /home/shiv/drone_ws/src/x500_frame_fpv_drone -DCMAKE_INSTALL_PREFIX=/home/shiv/drone_ws/install/x500_frame_fpv_drone
[2.377s] DEBUG:colcon.colcon_core.event_handler.log_command:Invoked command in '/home/shiv/drone_ws/build/x500_frame_fpv_drone' returned '0': CMAKE_PREFIX_PATH=${CMAKE_PREFIX_PATH}:/home/shiv/ws_moveit2/install/moveit_configs_utils:/home/shiv/ws_moveit2/install/launch_param_builder:/opt/ros/humble /usr/bin/cmake /home/shiv/drone_ws/src/x500_frame_fpv_drone -DCMAKE_INSTALL_PREFIX=/home/shiv/drone_ws/install/x500_frame_fpv_drone
[2.378s] DEBUG:colcon.colcon_core.event_handler.log_command:Invoking command in '/home/shiv/drone_ws/build/x500_frame_fpv_drone': CMAKE_PREFIX_PATH=${CMAKE_PREFIX_PATH}:/home/shiv/ws_moveit2/install/moveit_configs_utils:/home/shiv/ws_moveit2/install/launch_param_builder:/opt/ros/humble /usr/bin/cmake --build /home/shiv/drone_ws/build/x500_frame_fpv_drone -- -j12 -l12
[2.445s] DEBUG:colcon.colcon_core.event_handler.log_command:Invoked command in '/home/shiv/drone_ws/build/x500_frame_fpv_drone' returned '0': CMAKE_PREFIX_PATH=${CMAKE_PREFIX_PATH}:/home/shiv/ws_moveit2/install/moveit_configs_utils:/home/shiv/ws_moveit2/install/launch_param_builder:/opt/ros/humble /usr/bin/cmake --build /home/shiv/drone_ws/build/x500_frame_fpv_drone -- -j12 -l12
[2.462s] DEBUG:colcon.colcon_core.event_handler.log_command:Invoking command in '/home/shiv/drone_ws/build/x500_frame_fpv_drone': CMAKE_PREFIX_PATH=${CMAKE_PREFIX_PATH}:/home/shiv/ws_moveit2/install/moveit_configs_utils:/home/shiv/ws_moveit2/install/launch_param_builder:/opt/ros/humble /usr/bin/cmake --install /home/shiv/drone_ws/build/x500_frame_fpv_drone
[2.485s] Level 1:colcon.colcon_core.environment:create_environment_scripts_only(x500_frame_fpv_drone)
[2.485s] DEBUG:colcon.colcon_core.event_handler.log_command:Invoked command in '/home/shiv/drone_ws/build/x500_frame_fpv_drone' returned '0': CMAKE_PREFIX_PATH=${CMAKE_PREFIX_PATH}:/home/shiv/ws_moveit2/install/moveit_configs_utils:/home/shiv/ws_moveit2/install/launch_param_builder:/opt/ros/humble /usr/bin/cmake --install /home/shiv/drone_ws/build/x500_frame_fpv_drone
[2.487s] Level 1:colcon.colcon_core.environment:checking '/home/shiv/drone_ws/install/x500_frame_fpv_drone' for CMake module files
[2.487s] Level 1:colcon.colcon_core.environment:checking '/home/shiv/drone_ws/install/x500_frame_fpv_drone' for CMake config files
[2.487s] Level 1:colcon.colcon_core.shell:create_environment_hook('x500_frame_fpv_drone', 'cmake_prefix_path')
[2.487s] INFO:colcon.colcon_core.shell:Creating environment hook '/home/shiv/drone_ws/install/x500_frame_fpv_drone/share/x500_frame_fpv_drone/hook/cmake_prefix_path.ps1'
[2.488s] INFO:colcon.colcon_core.shell:Creating environment descriptor '/home/shiv/drone_ws/install/x500_frame_fpv_drone/share/x500_frame_fpv_drone/hook/cmake_prefix_path.dsv'
[2.488s] INFO:colcon.colcon_core.shell:Creating environment hook '/home/shiv/drone_ws/install/x500_frame_fpv_drone/share/x500_frame_fpv_drone/hook/cmake_prefix_path.sh'
[2.489s] Level 1:colcon.colcon_core.environment:checking '/home/shiv/drone_ws/install/x500_frame_fpv_drone/bin'
[2.489s] Level 1:colcon.colcon_core.environment:checking '/home/shiv/drone_ws/install/x500_frame_fpv_drone/lib/pkgconfig/x500_frame_fpv_drone.pc'
[2.489s] Level 1:colcon.colcon_core.environment:checking '/home/shiv/drone_ws/install/x500_frame_fpv_drone/lib/python3.10/site-packages'
[2.489s] Level 1:colcon.colcon_core.environment:checking '/home/shiv/drone_ws/install/x500_frame_fpv_drone/bin'
[2.489s] INFO:colcon.colcon_core.shell:Creating package script '/home/shiv/drone_ws/install/x500_frame_fpv_drone/share/x500_frame_fpv_drone/package.ps1'
[2.490s] INFO:colcon.colcon_core.shell:Creating package descriptor '/home/shiv/drone_ws/install/x500_frame_fpv_drone/share/x500_frame_fpv_drone/package.dsv'
[2.491s] INFO:colcon.colcon_core.shell:Creating package script '/home/shiv/drone_ws/install/x500_frame_fpv_drone/share/x500_frame_fpv_drone/package.sh'
[2.491s] INFO:colcon.colcon_core.shell:Creating package script '/home/shiv/drone_ws/install/x500_frame_fpv_drone/share/x500_frame_fpv_drone/package.bash'
[2.492s] INFO:colcon.colcon_core.shell:Creating package script '/home/shiv/drone_ws/install/x500_frame_fpv_drone/share/x500_frame_fpv_drone/package.zsh'
[2.493s] Level 1:colcon.colcon_core.environment:create_file_with_runtime_dependencies(/home/shiv/drone_ws/install/x500_frame_fpv_drone/share/colcon-core/packages/x500_frame_fpv_drone)
[2.494s] Level 1:colcon.colcon_core.environment:create_environment_scripts_only(x500_frame_fpv_drone)
[2.494s] Level 1:colcon.colcon_core.environment:checking '/home/shiv/drone_ws/install/x500_frame_fpv_drone' for CMake module files
[2.494s] Level 1:colcon.colcon_core.environment:checking '/home/shiv/drone_ws/install/x500_frame_fpv_drone' for CMake config files
[2.495s] Level 1:colcon.colcon_core.shell:create_environment_hook('x500_frame_fpv_drone', 'cmake_prefix_path')
[2.495s] INFO:colcon.colcon_core.shell:Creating environment hook '/home/shiv/drone_ws/install/x500_frame_fpv_drone/share/x500_frame_fpv_drone/hook/cmake_prefix_path.ps1'
[2.495s] INFO:colcon.colcon_core.shell:Creating environment descriptor '/home/shiv/drone_ws/install/x500_frame_fpv_drone/share/x500_frame_fpv_drone/hook/cmake_prefix_path.dsv'
[2.496s] INFO:colcon.colcon_core.shell:Creating environment hook '/home/shiv/drone_ws/install/x500_frame_fpv_drone/share/x500_frame_fpv_drone/hook/cmake_prefix_path.sh'
[2.496s] Level 1:colcon.colcon_core.environment:checking '/home/shiv/drone_ws/install/x500_frame_fpv_drone/bin'
[2.496s] Level 1:colcon.colcon_core.environment:checking '/home/shiv/drone_ws/install/x500_frame_fpv_drone/lib/pkgconfig/x500_frame_fpv_drone.pc'
[2.497s] Level 1:colcon.colcon_core.environment:checking '/home/shiv/drone_ws/install/x500_frame_fpv_drone/lib/python3.10/site-packages'
[2.497s] Level 1:colcon.colcon_core.environment:checking '/home/shiv/drone_ws/install/x500_frame_fpv_drone/bin'
[2.497s] INFO:colcon.colcon_core.shell:Creating package script '/home/shiv/drone_ws/install/x500_frame_fpv_drone/share/x500_frame_fpv_drone/package.ps1'
[2.498s] INFO:colcon.colcon_core.shell:Creating package descriptor '/home/shiv/drone_ws/install/x500_frame_fpv_drone/share/x500_frame_fpv_drone/package.dsv'
[2.498s] INFO:colcon.colcon_core.shell:Creating package script '/home/shiv/drone_ws/install/x500_frame_fpv_drone/share/x500_frame_fpv_drone/package.sh'
[2.498s] INFO:colcon.colcon_core.shell:Creating package script '/home/shiv/drone_ws/install/x500_frame_fpv_drone/share/x500_frame_fpv_drone/package.bash'
[2.499s] INFO:colcon.colcon_core.shell:Creating package script '/home/shiv/drone_ws/install/x500_frame_fpv_drone/share/x500_frame_fpv_drone/package.zsh'
[2.499s] Level 1:colcon.colcon_core.environment:create_file_with_runtime_dependencies(/home/shiv/drone_ws/install/x500_frame_fpv_drone/share/colcon-core/packages/x500_frame_fpv_drone)
[2.499s] DEBUG:colcon.colcon_parallel_executor.executor.parallel:closing loop
[2.499s] DEBUG:colcon.colcon_parallel_executor.executor.parallel:loop closed
[2.499s] DEBUG:colcon.colcon_parallel_executor.executor.parallel:run_until_complete finished with '0'
[2.499s] DEBUG:colcon.colcon_core.event_reactor:joining thread
[2.505s] INFO:colcon.colcon_core.plugin_system:Skipping extension 'colcon_notification.desktop_notification.terminal_notifier': Not used on non-Darwin systems
[2.505s] INFO:colcon.colcon_core.plugin_system:Skipping extension 'colcon_notification.desktop_notification.win32': Not used on non-Windows systems
[2.505s] INFO:colcon.colcon_notification.desktop_notification:Sending desktop notification using 'notify2'
[2.520s] DEBUG:colcon.colcon_core.event_reactor:joined thread
[2.520s] INFO:colcon.colcon_core.shell:Creating prefix script '/home/shiv/drone_ws/install/local_setup.ps1'
[2.522s] INFO:colcon.colcon_core.shell:Creating prefix util module '/home/shiv/drone_ws/install/_local_setup_util_ps1.py'
[2.524s] INFO:colcon.colcon_core.shell:Creating prefix chain script '/home/shiv/drone_ws/install/setup.ps1'
[2.526s] INFO:colcon.colcon_core.shell:Creating prefix script '/home/shiv/drone_ws/install/local_setup.sh'
[2.527s] INFO:colcon.colcon_core.shell:Creating prefix util module '/home/shiv/drone_ws/install/_local_setup_util_sh.py'
[2.527s] INFO:colcon.colcon_core.shell:Creating prefix chain script '/home/shiv/drone_ws/install/setup.sh'
[2.529s] INFO:colcon.colcon_core.shell:Creating prefix script '/home/shiv/drone_ws/install/local_setup.bash'
[2.530s] INFO:colcon.colcon_core.shell:Creating prefix chain script '/home/shiv/drone_ws/install/setup.bash'
[2.532s] INFO:colcon.colcon_core.shell:Creating prefix script '/home/shiv/drone_ws/install/local_setup.zsh'
[2.533s] INFO:colcon.colcon_core.shell:Creating prefix chain script '/home/shiv/drone_ws/install/setup.zsh'
