[0.015s] Invoking command in '/home/shiv/drone_ws/build/x500_frame_fpv_drone': CMAKE_PREFIX_PATH=${CMAKE_PREFIX_PATH}:/home/shiv/ws_moveit2/install/moveit_configs_utils:/home/shiv/ws_moveit2/install/launch_param_builder:/opt/ros/humble /usr/bin/cmake --build /home/shiv/drone_ws/build/x500_frame_fpv_drone -- -j12 -l12
[0.085s] -- Found ament_cmake: 1.3.12 (/opt/ros/humble/share/ament_cmake/cmake)
[0.210s] -- Found urdf: 2.6.1 (/opt/ros/humble/share/urdf/cmake)
[0.259s] -- Found rclpy: 3.3.17 (/opt/ros/humble/share/rclpy/cmake)
[0.259s] -- Found ros_gz_sim: 0.244.20 (/opt/ros/humble/share/ros_gz_sim/cmake)
[0.276s] -- Found rosidl_generator_c: 3.1.7 (/opt/ros/humble/share/rosidl_generator_c/cmake)
[0.278s] -- Found rosidl_adapter: 3.1.7 (/opt/ros/humble/share/rosidl_adapter/cmake)
[0.284s] -- Found rosidl_generator_cpp: 3.1.7 (/opt/ros/humble/share/rosidl_generator_cpp/cmake)
[0.293s] -- Using all available rosidl_typesupport_c: rosidl_typesupport_fastrtps_c;rosidl_typesupport_introspection_c
[0.302s] -- Using all available rosidl_typesupport_cpp: rosidl_typesupport_fastrtps_cpp;rosidl_typesupport_introspection_cpp
[0.334s] -- Found rmw_implementation_cmake: 6.1.2 (/opt/ros/humble/share/rmw_implementation_cmake/cmake)
[0.339s] -- Found rmw_fastrtps_cpp: 6.2.8 (/opt/ros/humble/share/rmw_fastrtps_cpp/cmake)
[0.359s] -- Found TinyXML2 via Config file: TinyXML2_DIR-NOTFOUND
[0.372s] -- Found TinyXML2 via Config file: TinyXML2_DIR-NOTFOUND
[0.396s] -- Found TinyXML2 via Config file: TinyXML2_DIR-NOTFOUND
[0.404s] -- Found TinyXML2 via Config file: TinyXML2_DIR-NOTFOUND
[0.420s] -- Using RMW implementation 'rmw_fastrtps_cpp' as default
[0.460s] -- Found ros_gz_bridge: 0.244.20 (/opt/ros/humble/share/ros_gz_bridge/cmake)
[0.500s] -- Found Protobuf: /usr/lib/x86_64-linux-gnu/libprotobuf.so (found suitable version "3.12.4", minimum required is "3") 
[0.525s] -- Found Protobuf: /usr/lib/x86_64-linux-gnu/libprotobuf.so (found version "3.12.4") 
[0.859s] -- Found ament_lint_auto: 0.12.14 (/opt/ros/humble/share/ament_lint_auto/cmake)
[0.914s] -- Added test 'flake8' to check Python code syntax and style conventions
[0.914s] -- Added test 'lint_cmake' to check CMake code style
[0.915s] -- Added test 'pep257' to check Python code against some of the docstring style conventions in PEP 257
[0.915s] -- Added test 'xmllint' to check XML markup files
[0.916s] -- Configuring done
[0.922s] -- Generating done
[0.925s] -- Build files have been written to: /home/shiv/drone_ws/build/x500_frame_fpv_drone
[0.952s] Invoked command in '/home/shiv/drone_ws/build/x500_frame_fpv_drone' returned '0': CMAKE_PREFIX_PATH=${CMAKE_PREFIX_PATH}:/home/shiv/ws_moveit2/install/moveit_configs_utils:/home/shiv/ws_moveit2/install/launch_param_builder:/opt/ros/humble /usr/bin/cmake --build /home/shiv/drone_ws/build/x500_frame_fpv_drone -- -j12 -l12
[0.967s] Invoking command in '/home/shiv/drone_ws/build/x500_frame_fpv_drone': CMAKE_PREFIX_PATH=${CMAKE_PREFIX_PATH}:/home/shiv/ws_moveit2/install/moveit_configs_utils:/home/shiv/ws_moveit2/install/launch_param_builder:/opt/ros/humble /usr/bin/cmake --install /home/shiv/drone_ws/build/x500_frame_fpv_drone
[0.976s] -- Install configuration: ""
[0.976s] -- Up-to-date: /home/shiv/drone_ws/install/x500_frame_fpv_drone/share/x500_frame_fpv_drone/launch
[0.976s] -- Installing: /home/shiv/drone_ws/install/x500_frame_fpv_drone/share/x500_frame_fpv_drone/launch/display.launch.py
[0.976s] -- Installing: /home/shiv/drone_ws/install/x500_frame_fpv_drone/share/x500_frame_fpv_drone/launch/gazebo.launch.py
[0.976s] -- Up-to-date: /home/shiv/drone_ws/install/x500_frame_fpv_drone/share/x500_frame_fpv_drone/meshes
[0.976s] -- Up-to-date: /home/shiv/drone_ws/install/x500_frame_fpv_drone/share/x500_frame_fpv_drone/meshes/prop_link_1.STL
[0.976s] -- Up-to-date: /home/shiv/drone_ws/install/x500_frame_fpv_drone/share/x500_frame_fpv_drone/meshes/prop_link_3.STL
[0.976s] -- Up-to-date: /home/shiv/drone_ws/install/x500_frame_fpv_drone/share/x500_frame_fpv_drone/meshes/base_link.STL
[0.976s] -- Up-to-date: /home/shiv/drone_ws/install/x500_frame_fpv_drone/share/x500_frame_fpv_drone/meshes/prop_link_4.STL
[0.976s] -- Up-to-date: /home/shiv/drone_ws/install/x500_frame_fpv_drone/share/x500_frame_fpv_drone/meshes/prop_link_2.STL
[0.976s] -- Up-to-date: /home/shiv/drone_ws/install/x500_frame_fpv_drone/share/x500_frame_fpv_drone/urdf
[0.976s] -- Installing: /home/shiv/drone_ws/install/x500_frame_fpv_drone/share/x500_frame_fpv_drone/urdf/x500_frame_fpv_drone.urdf.xacro
[0.976s] -- Up-to-date: /home/shiv/drone_ws/install/x500_frame_fpv_drone/share/ament_index/resource_index/package_run_dependencies/x500_frame_fpv_drone
[0.977s] -- Up-to-date: /home/shiv/drone_ws/install/x500_frame_fpv_drone/share/ament_index/resource_index/parent_prefix_path/x500_frame_fpv_drone
[0.977s] -- Up-to-date: /home/shiv/drone_ws/install/x500_frame_fpv_drone/share/x500_frame_fpv_drone/environment/ament_prefix_path.sh
[0.977s] -- Installing: /home/shiv/drone_ws/install/x500_frame_fpv_drone/share/x500_frame_fpv_drone/environment/ament_prefix_path.dsv
[0.977s] -- Up-to-date: /home/shiv/drone_ws/install/x500_frame_fpv_drone/share/x500_frame_fpv_drone/environment/path.sh
[0.977s] -- Installing: /home/shiv/drone_ws/install/x500_frame_fpv_drone/share/x500_frame_fpv_drone/environment/path.dsv
[0.977s] -- Up-to-date: /home/shiv/drone_ws/install/x500_frame_fpv_drone/share/x500_frame_fpv_drone/local_setup.bash
[0.977s] -- Up-to-date: /home/shiv/drone_ws/install/x500_frame_fpv_drone/share/x500_frame_fpv_drone/local_setup.sh
[0.977s] -- Up-to-date: /home/shiv/drone_ws/install/x500_frame_fpv_drone/share/x500_frame_fpv_drone/local_setup.zsh
[0.977s] -- Installing: /home/shiv/drone_ws/install/x500_frame_fpv_drone/share/x500_frame_fpv_drone/local_setup.dsv
[0.977s] -- Installing: /home/shiv/drone_ws/install/x500_frame_fpv_drone/share/x500_frame_fpv_drone/package.dsv
[0.977s] -- Up-to-date: /home/shiv/drone_ws/install/x500_frame_fpv_drone/share/ament_index/resource_index/packages/x500_frame_fpv_drone
[0.977s] -- Up-to-date: /home/shiv/drone_ws/install/x500_frame_fpv_drone/share/x500_frame_fpv_drone/cmake/x500_frame_fpv_droneConfig.cmake
[0.977s] -- Up-to-date: /home/shiv/drone_ws/install/x500_frame_fpv_drone/share/x500_frame_fpv_drone/cmake/x500_frame_fpv_droneConfig-version.cmake
[0.977s] -- Installing: /home/shiv/drone_ws/install/x500_frame_fpv_drone/share/x500_frame_fpv_drone/package.xml
[0.978s] Invoked command in '/home/shiv/drone_ws/build/x500_frame_fpv_drone' returned '0': CMAKE_PREFIX_PATH=${CMAKE_PREFIX_PATH}:/home/shiv/ws_moveit2/install/moveit_configs_utils:/home/shiv/ws_moveit2/install/launch_param_builder:/opt/ros/humble /usr/bin/cmake --install /home/shiv/drone_ws/build/x500_frame_fpv_drone
